2024-05-07 12:21:03,149 [INFO] Activator:176 - 


2024-05-07 12:21:03,154 [INFO] Activator:177 - !SESSION log4j initialized
2024-05-07 12:21:08,001 [INFO] LogOutputStream:77 - [STDOUT_REDIRECT] 
2024-05-07 12:21:28,919 [ERROR] LogOutputStream:75 - [STDERR_REDIRECT] SLF4J: Failed to load class "org.slf4j.impl.StaticLoggerBinder".
2024-05-07 12:21:28,920 [ERROR] LogOutputStream:75 - [STDERR_REDIRECT] SLF4J: Defaulting to no-operation (NOP) logger implementation
2024-05-07 12:21:28,920 [ERROR] LogOutputStream:75 - [STDERR_REDIRECT] SLF4J: See http://www.slf4j.org/codes.html#StaticLoggerBinder for further details.
2024-05-07 14:15:58,947 [INFO] Activator:176 - 


2024-05-07 14:15:58,949 [INFO] Activator:177 - !SESSION log4j initialized
2024-05-07 14:16:04,854 [INFO] LogOutputStream:77 - [STDOUT_REDIRECT] 
2024-05-07 14:16:25,819 [ERROR] LogOutputStream:75 - [STDERR_REDIRECT] SLF4J: Failed to load class "org.slf4j.impl.StaticLoggerBinder".
2024-05-07 14:16:25,820 [ERROR] LogOutputStream:75 - [STDERR_REDIRECT] SLF4J: Defaulting to no-operation (NOP) logger implementation
2024-05-07 14:16:25,820 [ERROR] LogOutputStream:75 - [STDERR_REDIRECT] SLF4J: See http://www.slf4j.org/codes.html#StaticLoggerBinder for further details.
2024-05-07 14:28:18,275 [ERROR] LogOutputStream:75 - [STDERR_REDIRECT] Exception in thread "SWV client thread" java.lang.NullPointerException
2024-05-07 14:28:18,276 [ERROR] LogOutputStream:75 - [STDERR_REDIRECT] 	at com.st.stm32cube.ide.mcu.debug.swv.core.SWVPlugin.debugTrace(SWVPlugin.java:85)
2024-05-07 14:28:18,277 [ERROR] LogOutputStream:75 - [STDERR_REDIRECT] 	at com.st.stm32cube.ide.mcu.debug.swv.core.SWVClient.TRACE(SWVClient.java:768)
2024-05-07 14:28:18,278 [ERROR] LogOutputStream:75 - [STDERR_REDIRECT] 	at com.st.stm32cube.ide.mcu.debug.swv.core.SWVClient.readByte(SWVClient.java:296)
2024-05-07 14:28:18,278 [ERROR] LogOutputStream:75 - [STDERR_REDIRECT] 	at com.st.stm32cube.ide.mcu.debug.swv.core.SWVClient.getNextByte(SWVClient.java:277)
2024-05-07 14:28:18,279 [ERROR] LogOutputStream:75 - [STDERR_REDIRECT] 	at com.st.stm32cube.ide.mcu.debug.swv.core.SWVClient.run(SWVClient.java:313)
2024-05-07 14:30:44,725 [INFO] Activator:176 - 


2024-05-07 14:30:44,727 [INFO] Activator:177 - !SESSION log4j initialized
2024-05-07 14:30:50,794 [INFO] LogOutputStream:77 - [STDOUT_REDIRECT] 
2024-05-07 14:31:11,768 [ERROR] LogOutputStream:75 - [STDERR_REDIRECT] SLF4J: Failed to load class "org.slf4j.impl.StaticLoggerBinder".
2024-05-07 14:31:11,769 [ERROR] LogOutputStream:75 - [STDERR_REDIRECT] SLF4J: Defaulting to no-operation (NOP) logger implementation
2024-05-07 14:31:11,770 [ERROR] LogOutputStream:75 - [STDERR_REDIRECT] SLF4J: See http://www.slf4j.org/codes.html#StaticLoggerBinder for further details.
