2024-04-30 11:17:35,376 [INFO] Activator:176 - 


2024-04-30 11:17:35,378 [INFO] Activator:177 - !SESSION log4j initialized
2024-04-30 11:17:37,424 [INFO] LogOutputStream:77 - [STDOUT_REDIRECT] 
2024-04-30 11:19:25,199 [INFO] Activator:176 - 


2024-04-30 11:19:25,201 [INFO] Activator:177 - !SESSION log4j initialized
2024-04-30 11:19:27,538 [INFO] LogOutputStream:77 - [STDOUT_REDIRECT] 
2024-04-30 11:19:48,708 [ERROR] LogOutputStream:75 - [STDERR_REDIRECT] SLF4J: Failed to load class "org.slf4j.impl.StaticLoggerBinder".
2024-04-30 11:19:48,709 [ERROR] LogOutputStream:75 - [STDERR_REDIRECT] SLF4J: Defaulting to no-operation (NOP) logger implementation
2024-04-30 11:19:48,710 [ERROR] LogOutputStream:75 - [STDERR_REDIRECT] SLF4J: See http://www.slf4j.org/codes.html#StaticLoggerBinder for further details.
2024-04-30 11:30:42,020 [INFO] Activator:176 - 


2024-04-30 11:30:42,022 [INFO] Activator:177 - !SESSION log4j initialized
2024-04-30 11:30:46,882 [INFO] LogOutputStream:77 - [STDOUT_REDIRECT] 
2024-04-30 11:31:07,687 [ERROR] LogOutputStream:75 - [STDERR_REDIRECT] SLF4J: Failed to load class "org.slf4j.impl.StaticLoggerBinder".
2024-04-30 11:31:07,687 [ERROR] LogOutputStream:75 - [STDERR_REDIRECT] SLF4J: Defaulting to no-operation (NOP) logger implementation
2024-04-30 11:31:07,688 [ERROR] LogOutputStream:75 - [STDERR_REDIRECT] SLF4J: See http://www.slf4j.org/codes.html#StaticLoggerBinder for further details.
2024-04-30 11:33:48,071 [INFO] Activator:176 - 


2024-04-30 11:33:48,072 [INFO] Activator:177 - !SESSION log4j initialized
2024-04-30 11:33:52,892 [INFO] LogOutputStream:77 - [STDOUT_REDIRECT] 
2024-04-30 11:34:13,767 [ERROR] LogOutputStream:75 - [STDERR_REDIRECT] SLF4J: Failed to load class "org.slf4j.impl.StaticLoggerBinder".
2024-04-30 11:34:13,768 [ERROR] LogOutputStream:75 - [STDERR_REDIRECT] SLF4J: Defaulting to no-operation (NOP) logger implementation
2024-04-30 11:34:13,768 [ERROR] LogOutputStream:75 - [STDERR_REDIRECT] SLF4J: See http://www.slf4j.org/codes.html#StaticLoggerBinder for further details.
2024-04-30 12:59:05,941 [INFO] Activator:176 - 


2024-04-30 12:59:05,943 [INFO] Activator:177 - !SESSION log4j initialized
2024-04-30 12:59:11,239 [INFO] LogOutputStream:77 - [STDOUT_REDIRECT] 
2024-04-30 15:45:08,313 [INFO] Activator:176 - 


2024-04-30 15:45:08,315 [INFO] Activator:177 - !SESSION log4j initialized
2024-04-30 15:45:14,355 [INFO] LogOutputStream:77 - [STDOUT_REDIRECT] 
2024-04-30 15:45:35,269 [ERROR] LogOutputStream:75 - [STDERR_REDIRECT] SLF4J: Failed to load class "org.slf4j.impl.StaticLoggerBinder".
2024-04-30 15:45:35,270 [ERROR] LogOutputStream:75 - [STDERR_REDIRECT] SLF4J: Defaulting to no-operation (NOP) logger implementation
2024-04-30 15:45:35,270 [ERROR] LogOutputStream:75 - [STDERR_REDIRECT] SLF4J: See http://www.slf4j.org/codes.html#StaticLoggerBinder for further details.
